<?xml version="1.0" encoding="UTF-8"?>
<!-- Generated by org.testng.reporters.JUnitXMLReporter -->
<testsuite hostname="EPBYMINW3159" ignored="0" name="TestMaiRuOperations" tests="5" failures="0" timestamp="14 Sep 2018 14:41:29 GMT" time="118.223" errors="0">
  <testcase name="mailRuLoginTest" time="7.896" classname="tests.MailCreationTest"/>
  <testcase name="mailRuMailCreationTest" time="4.584" classname="tests.MailCreationTest"/>
  <testcase name="mailRuMailSendingTest" time="35.252" classname="tests.MailSendTest"/>
  <testcase name="mailRuMailDeleteTest" time="13.252" classname="tests.MailDeleteTest"/>
  <testcase name="dragNDropMailTest" time="8.454" classname="tests.MailDeleteTest"/>
</testsuite> <!-- TestMaiRuOperations -->
