<?xml version="1.0" encoding="UTF-8"?>
<testng-results skipped="0" failed="0" ignored="0" total="5" passed="5">
  <reporter-output>
  </reporter-output>
  <suite name="TestMaiRuOperations" duration-ms="118223" started-at="2018-09-14T14:39:29Z" finished-at="2018-09-14T14:41:28Z">
    <groups>
      <group name="test_3">
        <method signature="MailDeleteTest.mailRuMailDeleteTest()[pri:0, instance:tests.MailDeleteTest@2fd1433e]" name="mailRuMailDeleteTest" class="tests.MailDeleteTest"/>
        <method signature="MailDeleteTest.dragNDropMailTest()[pri:0, instance:tests.MailDeleteTest@2fd1433e]" name="dragNDropMailTest" class="tests.MailDeleteTest"/>
      </group> <!-- test_3 -->
      <group name="test_2">
        <method signature="MailSendTest.mailRuMailSendingTest()[pri:0, instance:tests.MailSendTest@d29f28]" name="mailRuMailSendingTest" class="tests.MailSendTest"/>
      </group> <!-- test_2 -->
      <group name="test_1">
        <method signature="MailCreationTest.mailRuLoginTest()[pri:0, instance:tests.MailCreationTest@932bc4a]" name="mailRuLoginTest" class="tests.MailCreationTest"/>
        <method signature="MailCreationTest.mailRuMailCreationTest()[pri:0, instance:tests.MailCreationTest@932bc4a]" name="mailRuMailCreationTest" class="tests.MailCreationTest"/>
      </group> <!-- test_1 -->
    </groups>
    <test name="TestMaiRuOperations" duration-ms="118223" started-at="2018-09-14T14:39:29Z" finished-at="2018-09-14T14:41:28Z">
      <class name="tests.MailDeleteTest">
        <test-method status="PASS" signature="startBrowser()[pri:0, instance:tests.MailDeleteTest@2fd1433e]" name="startBrowser" is-config="true" duration-ms="5767" started-at="2018-09-14T14:40:57Z" finished-at="2018-09-14T14:41:03Z">
          <reporter-output>
          </reporter-output>
        </test-method> <!-- startBrowser -->
        <test-method status="PASS" signature="mailRuMailDeleteTest()[pri:0, instance:tests.MailDeleteTest@2fd1433e]" name="mailRuMailDeleteTest" duration-ms="13252" depends-on-groups="test_2" started-at="2018-09-14T14:41:03Z" description="Mail delete" finished-at="2018-09-14T14:41:16Z">
          <reporter-output>
          </reporter-output>
        </test-method> <!-- mailRuMailDeleteTest -->
        <test-method name="dragNDropMailTest" signature="dragNDropMailTest()[pri:0, instance:tests.MailDeleteTest@2fd1433e]" depends-on-groups="test_2" status="PASS" duration-ms="8454" finished-at="2018-09-14T14:41:24Z" started-at="2018-09-14T14:41:16Z" depends-on-methods="tests.MailDeleteTest.mailRuMailDeleteTest" description="Mail drag and drop from Basket to DRAFT">
          <reporter-output>
          </reporter-output>
        </test-method> <!-- dragNDropMailTest -->
        <test-method status="PASS" signature="stopBrowser()[pri:0, instance:tests.MailDeleteTest@2fd1433e]" name="stopBrowser" is-config="true" duration-ms="3164" started-at="2018-09-14T14:41:24Z" description="Stop Browser" finished-at="2018-09-14T14:41:28Z">
          <reporter-output>
          </reporter-output>
        </test-method> <!-- stopBrowser -->
      </class> <!-- tests.MailDeleteTest -->
      <class name="tests.MailSendTest">
        <test-method status="PASS" signature="startBrowser()[pri:0, instance:tests.MailSendTest@d29f28]" name="startBrowser" is-config="true" duration-ms="8068" started-at="2018-09-14T14:40:10Z" finished-at="2018-09-14T14:40:18Z">
          <reporter-output>
          </reporter-output>
        </test-method> <!-- startBrowser -->
        <test-method status="PASS" signature="mailRuMailSendingTest()[pri:0, instance:tests.MailSendTest@d29f28]" name="mailRuMailSendingTest" duration-ms="35252" depends-on-groups="test_1" started-at="2018-09-14T14:40:18Z" description="Mail sending" finished-at="2018-09-14T14:40:53Z">
          <reporter-output>
          </reporter-output>
        </test-method> <!-- mailRuMailSendingTest -->
        <test-method status="PASS" signature="stopBrowser()[pri:0, instance:tests.MailSendTest@d29f28]" name="stopBrowser" is-config="true" duration-ms="3748" started-at="2018-09-14T14:40:53Z" description="Stop Browser" finished-at="2018-09-14T14:40:57Z">
          <reporter-output>
          </reporter-output>
        </test-method> <!-- stopBrowser -->
      </class> <!-- tests.MailSendTest -->
      <class name="tests.MailCreationTest">
        <test-method status="PASS" signature="startBrowser()[pri:0, instance:tests.MailCreationTest@932bc4a]" name="startBrowser" is-config="true" duration-ms="23617" started-at="2018-09-14T14:39:30Z" finished-at="2018-09-14T14:39:53Z">
          <reporter-output>
          </reporter-output>
        </test-method> <!-- startBrowser -->
        <test-method status="PASS" signature="mailRuLoginTest()[pri:0, instance:tests.MailCreationTest@932bc4a]" name="mailRuLoginTest" duration-ms="7896" started-at="2018-09-14T14:39:53Z" description="Login to mail.ru" finished-at="2018-09-14T14:40:01Z">
          <reporter-output>
          </reporter-output>
        </test-method> <!-- mailRuLoginTest -->
        <test-method status="PASS" signature="mailRuMailCreationTest()[pri:0, instance:tests.MailCreationTest@932bc4a]" name="mailRuMailCreationTest" duration-ms="4584" started-at="2018-09-14T14:40:01Z" description="Mail creation" depends-on-methods="tests.MailCreationTest.mailRuLoginTest" finished-at="2018-09-14T14:40:06Z">
          <reporter-output>
          </reporter-output>
        </test-method> <!-- mailRuMailCreationTest -->
        <test-method status="PASS" signature="stopBrowser()[pri:0, instance:tests.MailCreationTest@932bc4a]" name="stopBrowser" is-config="true" duration-ms="4008" started-at="2018-09-14T14:40:06Z" description="Stop Browser" finished-at="2018-09-14T14:40:10Z">
          <reporter-output>
          </reporter-output>
        </test-method> <!-- stopBrowser -->
      </class> <!-- tests.MailCreationTest -->
    </test> <!-- TestMaiRuOperations -->
  </suite> <!-- TestMaiRuOperations -->
</testng-results>
